<?xml version="1.0" encoding="UTF-8"?>
<!-- Generated by org.testng.reporters.JUnitReportReporter -->
<testsuite hostname="LTIN188503" failures="0" tests="4" name="FirstTestng.MyTestng" time="34.491" errors="0" timestamp="2020-07-16T10:06:10 IST" skipped="0">
  <testcase classname="FirstTestng.MyTestng" name="launchurl" time="14.098"/>
  <system-out/>
  <testcase classname="FirstTestng.MyTestng" name="Tabmenuselection" time="5.922"/>
  <system-out/>
  <testcase classname="FirstTestng.MyTestng" name="searchbox" time="8.510"/>
  <system-out/>
  <testcase classname="FirstTestng.MyTestng" name="selectvalue" time="5.961"/>
  <system-out/>
</testsuite> <!-- FirstTestng.MyTestng -->
