<?xml version="1.0" encoding="UTF-8"?>
<!-- Generated by org.testng.reporters.JUnitReportReporter -->
<testsuite hostname="LTIN188503" failures="0" tests="3" name="TestngPackage.FirstTestngclass" time="0.016" errors="0" timestamp="2020-07-14T10:20:38 IST" skipped="0">
  <testcase classname="TestngPackage.FirstTestngclass" name="lopping" time="0.003"/>
  <system-out/>
  <testcase classname="TestngPackage.FirstTestngclass" name="lopping" time="0.011"/>
  <system-out/>
  <testcase classname="TestngPackage.FirstTestngclass" name="lopping" time="0.002"/>
  <system-out/>
</testsuite> <!-- TestngPackage.FirstTestngclass -->
